c:\hlocal\serious-train\juego\holasdl\debug\vc120.pdb
c:\hlocal\serious-train\juego\holasdl\debug\vc120.idb
c:\hlocal\serious-train\juego\holasdl\debug\bala.obj
c:\hlocal\serious-train\juego\holasdl\debug\barrahp.obj
c:\hlocal\serious-train\juego\holasdl\debug\button.obj
c:\hlocal\serious-train\juego\holasdl\debug\enemigo.obj
c:\hlocal\serious-train\juego\holasdl\debug\error.obj
c:\hlocal\serious-train\juego\holasdl\debug\estado.obj
c:\hlocal\serious-train\juego\holasdl\debug\game.obj
c:\hlocal\serious-train\juego\holasdl\debug\finnivel.obj
c:\hlocal\serious-train\juego\holasdl\debug\main.obj
c:\hlocal\serious-train\juego\holasdl\debug\menu.obj
c:\hlocal\serious-train\juego\holasdl\debug\nivel1.obj
c:\hlocal\serious-train\juego\holasdl\debug\nivel2.obj
c:\hlocal\serious-train\juego\holasdl\debug\objeto.obj
c:\hlocal\serious-train\juego\holasdl\debug\pausa.obj
c:\hlocal\serious-train\juego\holasdl\debug\personaje.obj
c:\hlocal\serious-train\juego\holasdl\debug\play.obj
c:\hlocal\serious-train\juego\holasdl\debug\texturas.obj
c:\hlocal\serious-train\juego\holasdl\debug\trigger.obj
c:\hlocal\serious-train\juego\holasdl\debug\vagon.obj
c:\hlocal\serious-train\juego\bin\holasdldebug.ilk
c:\hlocal\serious-train\juego\bin\holasdldebug.exe
c:\hlocal\serious-train\juego\bin\holasdldebug.pdb
c:\hlocal\serious-train\juego\holasdl\debug\tren.obj
c:\hlocal\serious-train\juego\holasdl\debug\vc140.idb
c:\hlocal\serious-train\juego\holasdl\debug\vc140.pdb
c:\hlocal\serious-train\juego\holasdl\debug\holasdl.tlog\cl.command.1.tlog
c:\hlocal\serious-train\juego\holasdl\debug\holasdl.tlog\cl.read.1.tlog
c:\hlocal\serious-train\juego\holasdl\debug\holasdl.tlog\cl.write.1.tlog
c:\hlocal\serious-train\juego\holasdl\debug\holasdl.tlog\link.command.1.tlog
c:\hlocal\serious-train\juego\holasdl\debug\holasdl.tlog\link.read.1.tlog
c:\hlocal\serious-train\juego\holasdl\debug\holasdl.tlog\link.write.1.tlog
